<?xml version="1.0" encoding="UTF-8"?>
<testng-results skipped="0" failed="0" ignored="0" total="1" passed="1">
  <reporter-output>
  </reporter-output>
  <suite name="Default suite" duration-ms="12170" started-at="2020-09-22T01:26:47 CDT" finished-at="2020-09-22T01:27:00 CDT">
    <groups>
    </groups>
    <test name="Default test" duration-ms="12170" started-at="2020-09-22T01:26:47 CDT" finished-at="2020-09-22T01:27:00 CDT">
      <class name="aaa.ab.Find_LinkCode">
        <test-method status="PASS" signature="findlink()[pri:0, instance:aaa.ab.Find_LinkCode@5a8806ef]" name="findlink" duration-ms="12114" started-at="2020-09-22T01:26:47 CDT" finished-at="2020-09-22T01:27:00 CDT">
          <reporter-output>
          </reporter-output>
        </test-method> <!-- findlink -->
      </class> <!-- aaa.ab.Find_LinkCode -->
    </test> <!-- Default test -->
  </suite> <!-- Default suite -->
</testng-results>
